<?xml version="1.0" encoding="UTF-8"?>
<!-- Generated by org.testng.reporters.JUnitReportReporter -->
<testsuite hostname="MLBMYSL-108528" failures="0" tests="2" name="LoginTests.LoginTest" time="21.819" errors="0" timestamp="2025-01-31T18:36:26 IST" skipped="0">
  <testcase classname="LoginTests.LoginTest" name="HRMLogin" time="15.009"/>
  <system-out/>
  <testcase classname="LoginTests.LoginTest" name="loginPageTitleTest" time="6.810"/>
  <system-out/>
</testsuite> <!-- LoginTests.LoginTest -->
