<?xml version="1.0" encoding="UTF-8"?>
<!-- Generated by org.testng.reporters.JUnitReportReporter -->
<testsuite hostname="MLBMYSL-108528" failures="0" tests="2" name="Gowtham_Maven.Gowtham_Maven.TC_Priority" time="0.052" errors="0" timestamp="2025-01-09T19:02:55 IST" skipped="0">
  <testcase classname="Gowtham_Maven.Gowtham_Maven.TC_Priority" name="method1" time="0.048"/>
  <system-out/>
  <testcase classname="Gowtham_Maven.Gowtham_Maven.TC_Priority" name="amethod2" time="0.004"/>
  <system-out/>
</testsuite> <!-- Gowtham_Maven.Gowtham_Maven.TC_Priority -->
