<?xml version="1.0" encoding="UTF-8"?>
<!-- Generated by org.testng.reporters.JUnitReportReporter -->
<testsuite hostname="MLBMYSL-108528" failures="0" tests="2" name="Gowtham_Maven.Gowtham_Maven.TC_LoginHRM" time="5.633" errors="0" timestamp="2025-01-09T19:00:24 IST" skipped="0">
  <testcase classname="Gowtham_Maven.Gowtham_Maven.TC_LoginHRM" name="Login" time="4.178"/>
  <system-out/>
  <testcase classname="Gowtham_Maven.Gowtham_Maven.TC_LoginHRM" name="logout" time="1.455"/>
  <system-out/>
</testsuite> <!-- Gowtham_Maven.Gowtham_Maven.TC_LoginHRM -->
