<?xml version="1.0" encoding="UTF-8"?>
<!-- Generated by org.testng.reporters.JUnitReportReporter -->
<testsuite hostname="MLBMYSL-108528" failures="0" tests="2" name="TestNG.TC_Enabled" time="0.017" errors="0" timestamp="2024-12-30T18:59:45 IST" skipped="1">
  <testcase classname="TestNG.TC_Enabled" name="method1" time="0.017"/>
  <system-out/>
  <testcase classname="TestNG.TC_Enabled" name="method2">
    <skipped/>
  </testcase> <!-- method2 -->
  <system-out/>
</testsuite> <!-- TestNG.TC_Enabled -->
