<?xml version="1.0" encoding="UTF-8"?>
<!-- Generated by org.testng.reporters.JUnitReportReporter -->
<testsuite hostname="MLBMYSL-108528" failures="0" tests="1" name="TestNG.TC_ParameterAnnotation" time="0.036" errors="0" timestamp="2025-01-06T18:40:43 IST" skipped="0">
  <testcase classname="TestNG.TC_ParameterAnnotation" name="parameter_Test" time="0.036"/>
  <system-out/>
</testsuite> <!-- TestNG.TC_ParameterAnnotation -->
