<?xml version="1.0" encoding="UTF-8"?>
<!-- Generated by org.testng.reporters.JUnitReportReporter -->
<testsuite hostname="MLBMYSL-108528" failures="0" tests="2" name="TestNG.TC_ParallelTest" time="41.726" errors="0" timestamp="2025-01-06T19:03:01 IST" skipped="0">
  <testcase classname="TestNG.TC_ParallelTest" name="openFF" time="13.140"/>
  <system-out>
    <![CDATA[Opened HRMS application in Firefox Browser]]>
  </system-out>
  <testcase classname="TestNG.TC_ParallelTest" name="openFF" time="28.586"/>
  <system-out>
    <![CDATA[Opened HRMS application in Firefox Browser]]>
  </system-out>
</testsuite> <!-- TestNG.TC_ParallelTest -->
