<?xml version="1.0" encoding="UTF-8"?>
<!-- Generated by org.testng.reporters.JUnitReportReporter -->
<testsuite hostname="MLBMYSL-108528" failures="0" tests="1" name="TestNG.GroupingTestMethods" time="0.043" errors="0" timestamp="2025-01-06T18:18:51 IST" skipped="0">
  <testcase classname="TestNG.GroupingTestMethods" name="sedan" time="0.043"/>
  <system-out/>
</testsuite> <!-- TestNG.GroupingTestMethods -->
