<?xml version="1.0" encoding="UTF-8"?>
<!-- Generated by org.testng.reporters.JUnitReportReporter -->
<testsuite hostname="MLBMYSL-108528" failures="0" tests="2" name="TestNG.TC_Parallel2" time="0.056" errors="0" timestamp="2025-01-07T18:17:49 IST" skipped="0">
  <testcase classname="TestNG.TC_Parallel2" name="secondTest" time="0.009"/>
  <system-out/>
  <testcase classname="TestNG.TC_Parallel2" name="firstTest" time="0.047"/>
  <system-out/>
</testsuite> <!-- TestNG.TC_Parallel2 -->
