<?xml version="1.0" encoding="UTF-8"?>
<!-- Generated by org.testng.reporters.JUnitReportReporter -->
<testsuite hostname="MLBMYSL-108528" failures="0" tests="1" name="TestNG.TC_LoginHRM" time="4.406" errors="0" timestamp="2025-01-06T18:27:45 IST" skipped="0">
  <testcase classname="TestNG.TC_LoginHRM" name="Login" time="4.406"/>
  <system-out/>
</testsuite> <!-- TestNG.TC_LoginHRM -->
