<?xml version="1.0" encoding="UTF-8"?>
<!-- Generated by org.testng.reporters.JUnitReportReporter -->
<testsuite hostname="MLBMYSL-108528" failures="0" tests="1" name="TestNG.AnnoOrder" time="0.018" errors="0" timestamp="2024-12-26T19:20:39 IST" skipped="0">
  <testcase classname="TestNG.AnnoOrder" name="testCase1" time="0.018"/>
  <system-out/>
</testsuite> <!-- TestNG.AnnoOrder -->
