<?xml version="1.0" encoding="UTF-8"?>
<!-- Generated by org.testng.reporters.JUnitReportReporter -->
<testsuite hostname="MLBMYSL-108528" failures="0" tests="5" name="TestNG.AnnotationsOrder" time="0.031" errors="0" timestamp="2024-12-30T18:15:05 IST" skipped="0">
  <testcase classname="TestNG.AnnotationsOrder" name="f" time="0.015"/>
  <system-out/>
  <testcase classname="TestNG.AnnotationsOrder" name="f3" time="0.004"/>
  <system-out/>
  <testcase classname="TestNG.AnnotationsOrder" name="f1" time="0.004"/>
  <system-out/>
  <testcase classname="TestNG.AnnotationsOrder" name="f4" time="0.004"/>
  <system-out/>
  <testcase classname="TestNG.AnnotationsOrder" name="f2" time="0.004"/>
  <system-out/>
</testsuite> <!-- TestNG.AnnotationsOrder -->
