<?xml version="1.0" encoding="UTF-8"?>
<!-- Generated by org.testng.reporters.JUnitReportReporter -->
<testsuite hostname="MLBMYSL-108528" failures="0" tests="2" name="TestNG.TC_Priority" time="0.008" errors="0" timestamp="2025-01-03T19:10:27 IST" skipped="0">
  <testcase classname="TestNG.TC_Priority" name="method1" time="0.003"/>
  <system-out/>
  <testcase classname="TestNG.TC_Priority" name="amethod2" time="0.005"/>
  <system-out/>
</testsuite> <!-- TestNG.TC_Priority -->
