<?xml version="1.0" encoding="UTF-8"?>
<!-- Generated by org.testng.reporters.JUnitReportReporter -->
<testsuite hostname="MLBMYSL-108528" failures="0" tests="4" name="TestNG.TC_InvocationCount" time="0.051" errors="0" timestamp="2025-01-03T19:15:55 IST" skipped="0">
  <testcase classname="TestNG.TC_InvocationCount" name="method1" time="0.038"/>
  <system-out/>
  <testcase classname="TestNG.TC_InvocationCount" name="method2" time="0.004"/>
  <system-out/>
  <testcase classname="TestNG.TC_InvocationCount" name="method2" time="0.006"/>
  <system-out/>
  <testcase classname="TestNG.TC_InvocationCount" name="method2" time="0.003"/>
  <system-out/>
</testsuite> <!-- TestNG.TC_InvocationCount -->
